Using pre-set license
Built from '2020.3/staging' branch; Version is '2020.3.11f1 (99c7afb366b3) revision 10078127'; Using compiler version '192528614'; Build Type 'Release'
OS: 'Windows 10 Education; OS build 19043.1288; Version 2009; 64bit' Language: 'en' Physical Memory: 16297 MB
BatchMode: 1, IsHumanControllingUs: 0, StartBugReporterOnCrash: 0, Is64bit: 1, IsPro: 0

 COMMAND LINE ARGUMENTS:
E:\Unity\2020.3.11f1\Editor\Unity.exe
-adb2
-batchMode
-noUpm
-name
AssetImportWorker0
-projectPath
E:/Unity Temp Loc/Drayer/Drayer
-logFile
Logs/AssetImportWorker0.log
-srvPort
53956
Successfully changed project path to: E:/Unity Temp Loc/Drayer/Drayer
E:/Unity Temp Loc/Drayer/Drayer
Using Asset Import Pipeline V2.
Refreshing native plugins compatible for Editor in 127.99 ms, found 2 plugins.
Preloading 0 native plugins for Editor in 0.00 ms.
Initialize engine version: 2020.3.11f1 (99c7afb366b3)
[Subsystems] Discovering subsystems at path E:/Unity/2020.3.11f1/Editor/Data/Resources/UnitySubsystems
[Subsystems] Discovering subsystems at path E:/Unity Temp Loc/Drayer/Drayer/Assets
GfxDevice: creating device client; threaded=0
Direct3D:
    Version:  Direct3D 11.0 [level 11.1]
    Renderer: NVIDIA GeForce GTX 1060 6GB (ID=0x1c03)
    Vendor:   
    VRAM:     6052 MB
    Driver:   27.21.14.6663
Shader 'Universal Render Pipeline/Particles/Lit': fallback shader 'Universal Render Pipeline/Particles/SimpleLit' not found
Initialize mono
Mono path[0] = 'E:/Unity/2020.3.11f1/Editor/Data/Managed'
Mono path[1] = 'E:/Unity/2020.3.11f1/Editor/Data/MonoBleedingEdge/lib/mono/unityjit'
Mono config path = 'E:/Unity/2020.3.11f1/Editor/Data/MonoBleedingEdge/etc'
Using monoOptions --debugger-agent=transport=dt_socket,embedding=1,server=y,suspend=n,address=127.0.0.1:56124
Begin MonoManager ReloadAssembly
Registering precompiled unity dll's ...
Register platform support module: E:/Unity/2020.3.11f1/Editor/Data/PlaybackEngines/WindowsStandaloneSupport/UnityEditor.WindowsStandalone.Extensions.dll
Registered in 0.001059 seconds.
Native extension for WindowsStandalone target not found
Refreshing native plugins compatible for Editor in 121.59 ms, found 2 plugins.
Preloading 0 native plugins for Editor in 0.00 ms.
Mono: successfully reloaded assembly
- Completed reload, in  1.668 seconds
Platform modules already initialized, skipping
Registering precompiled user dll's ...
Registered in 0.005399 seconds.
Begin MonoManager ReloadAssembly
Native extension for WindowsStandalone target not found
Refreshing native plugins compatible for Editor in 130.42 ms, found 2 plugins.
Preloading 0 native plugins for Editor in 0.00 ms.
Mono: successfully reloaded assembly
- Completed reload, in  1.445 seconds
Platform modules already initialized, skipping
========================================================================
Worker process is ready to serve import requests
Shader 'Universal Render Pipeline/Particles/Lit': fallback shader 'Universal Render Pipeline/Particles/SimpleLit' not found
Launched and connected shader compiler UnityShaderCompiler.exe after 0.09 seconds
Refreshing native plugins compatible for Editor in 1.49 ms, found 2 plugins.
Preloading 0 native plugins for Editor in 0.00 ms.
Unloading 4294 Unused Serialized files (Serialized files now loaded: 0)
System memory in use before: 198.1 MB.
System memory in use after: 198.3 MB.

Unloading 23 unused Assets to reduce memory usage. Loaded Objects now: 4740.
Total: 4.558800 ms (FindLiveObjects: 0.602500 ms CreateObjectMapping: 0.580300 ms MarkObjects: 3.250200 ms  DeleteObjects: 0.123100 ms)

========================================================================
Received Import Request.
  path: Assets/Prefacb/Joystick.prefab
  artifactKey: Guid(e89708568be82e041a63eb6d47f02ee0) Importer(815301076,1909f56bfc062723c751e8b465ee728b)
Start importing Assets/Prefacb/Joystick.prefab using Guid(e89708568be82e041a63eb6d47f02ee0) Importer(815301076,1909f56bfc062723c751e8b465ee728b)  -> (artifact id: '084bdbc3f420b93273ae97f35dd4d89d') in 0.122364 seconds
  Import took 0.228381 seconds .

========================================================================
Received Import Request.
  Time since last request: 0.000244 seconds.
  path: Assets/Prefacb/controllerCanvas.prefab
  artifactKey: Guid(1f233185224a7a44fbaeb46eb5740158) Importer(815301076,1909f56bfc062723c751e8b465ee728b)
Start importing Assets/Prefacb/controllerCanvas.prefab using Guid(1f233185224a7a44fbaeb46eb5740158) Importer(815301076,1909f56bfc062723c751e8b465ee728b)  -> (artifact id: '13fdc745976b2eee4d1e24c275d3e60c') in 0.013474 seconds
  Import took 0.027764 seconds .

========================================================================
Received Import Request.
  Time since last request: 0.000245 seconds.
  path: Assets/Prefacb
  artifactKey: Guid(d63ba24daf546ba40bdf06cd79f2c2ba) Importer(815301076,1909f56bfc062723c751e8b465ee728b)
Start importing Assets/Prefacb using Guid(d63ba24daf546ba40bdf06cd79f2c2ba) Importer(815301076,1909f56bfc062723c751e8b465ee728b)  -> (artifact id: 'a3ccd41f3e1d0062999a6e14b82eb801') in 0.020217 seconds
  Import took 0.052258 seconds .

========================================================================
Received Import Request.
  Time since last request: 0.000407 seconds.
  path: Assets/Prefacb/FPS Controller Variant.prefab
  artifactKey: Guid(0693642e034e9964591d0dee5ce74dfd) Importer(815301076,1909f56bfc062723c751e8b465ee728b)
Start importing Assets/Prefacb/FPS Controller Variant.prefab using Guid(0693642e034e9964591d0dee5ce74dfd) Importer(815301076,1909f56bfc062723c751e8b465ee728b)  -> (artifact id: '1e1991cd0772eb522d83ef2b7638d4ce') in 0.074275 seconds
  Import took 0.105388 seconds .

========================================================================
Received Import Request.
  Time since last request: 0.000191 seconds.
  path: Assets/Prefacb/Canvas.prefab
  artifactKey: Guid(13d6196fbbaf7ae4e868da5e5aef08d8) Importer(815301076,1909f56bfc062723c751e8b465ee728b)
Start importing Assets/Prefacb/Canvas.prefab using Guid(13d6196fbbaf7ae4e868da5e5aef08d8) Importer(815301076,1909f56bfc062723c751e8b465ee728b)  -> (artifact id: '2f4a7b1cb9f1380c9f1544ff1d190c2b') in 0.027474 seconds
  Import took 0.058538 seconds .

========================================================================
Received Import Request.
  Time since last request: 0.000198 seconds.
  path: Assets/Prefacb/Character_Goblin_WarChief.prefab
  artifactKey: Guid(c0eedb82618e161408d3a06ec707e902) Importer(815301076,1909f56bfc062723c751e8b465ee728b)
Start importing Assets/Prefacb/Character_Goblin_WarChief.prefab using Guid(c0eedb82618e161408d3a06ec707e902) Importer(815301076,1909f56bfc062723c751e8b465ee728b)  -> (artifact id: 'ddff20d1a93d8d3f2a8f2d89a2218000') in 0.386705 seconds
  Import took 0.416588 seconds .

========================================================================
Received Import Request.
  Time since last request: 0.000235 seconds.
  path: Assets/Resources/DOTweenSettings.asset
  artifactKey: Guid(038ecf7eab859ce409995caee7d8db1c) Importer(815301076,1909f56bfc062723c751e8b465ee728b)
Start importing Assets/Resources/DOTweenSettings.asset using Guid(038ecf7eab859ce409995caee7d8db1c) Importer(815301076,1909f56bfc062723c751e8b465ee728b)  -> (artifact id: '2372cbf2cbb8592a98c3e52bfdf5bec3') in 0.021458 seconds
  Import took 0.055560 seconds .

========================================================================
Received Import Request.
  Time since last request: 0.000309 seconds.
  path: Assets/Resources
  artifactKey: Guid(94c9df1c48a017344ab46885be38587e) Importer(815301076,1909f56bfc062723c751e8b465ee728b)
Start importing Assets/Resources using Guid(94c9df1c48a017344ab46885be38587e) Importer(815301076,1909f56bfc062723c751e8b465ee728b)  -> (artifact id: '1cf6e48898eed858c67ca72288867fb4') in 0.004946 seconds
  Import took 0.026749 seconds .

========================================================================
Received Import Request.
  Time since last request: 0.735714 seconds.
  path: Assets/JMO Assets
  artifactKey: Guid(eda77b6a506513a43ae4cb196c827804) Importer(815301076,1909f56bfc062723c751e8b465ee728b)
Start importing Assets/JMO Assets using Guid(eda77b6a506513a43ae4cb196c827804) Importer(815301076,1909f56bfc062723c751e8b465ee728b)  -> (artifact id: 'a6f7adabe03bda654a89a454bbd2e30a') in 0.037855 seconds
  Import took 0.045484 seconds .

========================================================================
Received Import Request.
  Time since last request: 0.912141 seconds.
  path: Assets/Joystick Pack
  artifactKey: Guid(4f03caaf80740e948a5015d623205b92) Importer(815301076,1909f56bfc062723c751e8b465ee728b)
Start importing Assets/Joystick Pack using Guid(4f03caaf80740e948a5015d623205b92) Importer(815301076,1909f56bfc062723c751e8b465ee728b)  -> (artifact id: '1f46e703c947ebe192c26f10af4b3698') in 0.004756 seconds
  Import took 0.025674 seconds .

========================================================================
Received Import Request.
  Time since last request: 0.589196 seconds.
  path: Assets/PickerWheel
  artifactKey: Guid(a63d97e9bc5517848827256f36a3c010) Importer(815301076,1909f56bfc062723c751e8b465ee728b)
Start importing Assets/PickerWheel using Guid(a63d97e9bc5517848827256f36a3c010) Importer(815301076,1909f56bfc062723c751e8b465ee728b)  -> (artifact id: 'e2e568543dc1dd198d103f0136f88632') in 0.004674 seconds
  Import took 0.029400 seconds .

========================================================================
Received Import Request.
  Time since last request: 0.930520 seconds.
  path: Assets/PinwheelFantasyEffect
  artifactKey: Guid(d2df2cf0758d2c54d89096913900a983) Importer(815301076,1909f56bfc062723c751e8b465ee728b)
Start importing Assets/PinwheelFantasyEffect using Guid(d2df2cf0758d2c54d89096913900a983) Importer(815301076,1909f56bfc062723c751e8b465ee728b)  -> (artifact id: 'a7b929d7712b438115ebc5adb32af1da') in 0.005214 seconds
  Import took 0.012913 seconds .

========================================================================
Received Import Request.
  Time since last request: 0.482700 seconds.
  path: Assets/Plugins
  artifactKey: Guid(052f34b9d8b571847ae85c1949caa253) Importer(815301076,1909f56bfc062723c751e8b465ee728b)
Start importing Assets/Plugins using Guid(052f34b9d8b571847ae85c1949caa253) Importer(815301076,1909f56bfc062723c751e8b465ee728b)  -> (artifact id: '6b071139f908ff4ebea67a77853152c4') in 0.004867 seconds
  Import took 0.016961 seconds .

========================================================================
Received Import Request.
  Time since last request: 3.039223 seconds.
  path: Assets/Animation Test
  artifactKey: Guid(83b46f6100d04534aae62de5f83d7e4e) Importer(815301076,1909f56bfc062723c751e8b465ee728b)
Start importing Assets/Animation Test using Guid(83b46f6100d04534aae62de5f83d7e4e) Importer(815301076,1909f56bfc062723c751e8b465ee728b)  -> (artifact id: '45b5122320cd240be4d1e31851fc4aa8') in 0.004488 seconds
  Import took 0.047921 seconds .

========================================================================
Received Import Request.
  Time since last request: 0.062278 seconds.
  path: Assets/Animation Test/Character_Goblin_WarChief.prefab
  artifactKey: Guid(a3f05f78f5c57ce419077bc5124171f3) Importer(815301076,1909f56bfc062723c751e8b465ee728b)
Start importing Assets/Animation Test/Character_Goblin_WarChief.prefab using Guid(a3f05f78f5c57ce419077bc5124171f3) Importer(815301076,1909f56bfc062723c751e8b465ee728b)  -> (artifact id: '7836a918a7ef49a2f9309b1ef680d0da') in 0.082442 seconds
  Import took 0.106352 seconds .

========================================================================
Received Import Request.
  Time since last request: 0.000287 seconds.
  path: Assets/Animation Test/New Physic Material.physicMaterial
  artifactKey: Guid(c9332cb47405d60469aa5fc735471ce4) Importer(815301076,1909f56bfc062723c751e8b465ee728b)
Start importing Assets/Animation Test/New Physic Material.physicMaterial using Guid(c9332cb47405d60469aa5fc735471ce4) Importer(815301076,1909f56bfc062723c751e8b465ee728b)  -> (artifact id: '002a40133b1cb5e231f84c2d88f1aaf2') in 0.006101 seconds
  Import took 0.014525 seconds .

========================================================================
Received Import Request.
  Time since last request: 0.000244 seconds.
  path: Assets/Animation Test/FPS Controller Ethan (1).prefab
  artifactKey: Guid(f0120af334a231941b51a5c088087ecd) Importer(815301076,1909f56bfc062723c751e8b465ee728b)
Start importing Assets/Animation Test/FPS Controller Ethan (1).prefab using Guid(f0120af334a231941b51a5c088087ecd) Importer(815301076,1909f56bfc062723c751e8b465ee728b)  -> (artifact id: 'c954a603936a7c6a2f94d5784ad3ce97') in 0.031443 seconds
  Import took 0.040457 seconds .

========================================================================
Received Import Request.
  Time since last request: 0.000252 seconds.
  path: Assets/Animation Test/FPS Controller Ethan.prefab
  artifactKey: Guid(0f2cee5c2cafde74aac3f408c4ba8c07) Importer(815301076,1909f56bfc062723c751e8b465ee728b)
Start importing Assets/Animation Test/FPS Controller Ethan.prefab using Guid(0f2cee5c2cafde74aac3f408c4ba8c07) Importer(815301076,1909f56bfc062723c751e8b465ee728b)  -> (artifact id: '9d6681c6cdde2c3456b03695f15449c7') in 0.036484 seconds
  Import took 0.076438 seconds .

========================================================================
Received Import Request.
  Time since last request: 0.000184 seconds.
  path: Assets/Animation Test/FPS Controller Ethan (1).prefab
  artifactKey: Guid(f0120af334a231941b51a5c088087ecd) Importer(815301076,1909f56bfc062723c751e8b465ee728b)
Start importing Assets/Animation Test/FPS Controller Ethan (1).prefab using Guid(f0120af334a231941b51a5c088087ecd) Importer(815301076,1909f56bfc062723c751e8b465ee728b)  -> (artifact id: 'c954a603936a7c6a2f94d5784ad3ce97') in 0.030728 seconds
  Import took 0.039895 seconds .

========================================================================
Received Import Request.
  Time since last request: 0.000170 seconds.
  path: Assets/Animation Test/New Avatar Mask.mask
  artifactKey: Guid(3f40cc3507d9f544dbe191ba56f6e298) Importer(815301076,1909f56bfc062723c751e8b465ee728b)
Start importing Assets/Animation Test/New Avatar Mask.mask using Guid(3f40cc3507d9f544dbe191ba56f6e298) Importer(815301076,1909f56bfc062723c751e8b465ee728b)  -> (artifact id: 'f30ade71be5a5d11cfc9e12b973f44a0') in 0.007431 seconds
  Import took 0.028990 seconds .

========================================================================
Received Import Request.
  Time since last request: 0.938225 seconds.
  path: Assets/Beautiful Progress Bar Free - CYKO
  artifactKey: Guid(3a4aff5d5433f454da9958ca2ed77705) Importer(815301076,1909f56bfc062723c751e8b465ee728b)
Start importing Assets/Beautiful Progress Bar Free - CYKO using Guid(3a4aff5d5433f454da9958ca2ed77705) Importer(815301076,1909f56bfc062723c751e8b465ee728b)  -> (artifact id: '330b974fca2e83c5d8c423e2d4e0f80a') in 0.004691 seconds
  Import took 0.012498 seconds .

========================================================================
Received Import Request.
  Time since last request: 18.925541 seconds.
  path: Assets/Changes/Stage1-1.unity
  artifactKey: Guid(252d539f8c07a714bbe8db2fb5d265a3) Importer(815301076,1909f56bfc062723c751e8b465ee728b)
Start importing Assets/Changes/Stage1-1.unity using Guid(252d539f8c07a714bbe8db2fb5d265a3) Importer(815301076,1909f56bfc062723c751e8b465ee728b)  -> (artifact id: '2d34969505b7734175958eb02232b923') in 0.005170 seconds
  Import took 0.442679 seconds .

========================================================================
Received Prepare
Registering precompiled user dll's ...
Registered in 0.005520 seconds.
Begin MonoManager ReloadAssembly
Native extension for WindowsStandalone target not found
Refreshing native plugins compatible for Editor in 1.12 ms, found 2 plugins.
Preloading 0 native plugins for Editor in 0.00 ms.
Mono: successfully reloaded assembly
- Completed reload, in  1.140 seconds
Platform modules already initialized, skipping
Shader 'Universal Render Pipeline/Particles/Lit': fallback shader 'Universal Render Pipeline/Particles/SimpleLit' not found
Refreshing native plugins compatible for Editor in 1.24 ms, found 2 plugins.
Preloading 0 native plugins for Editor in 0.00 ms.
Unloading 4129 Unused Serialized files (Serialized files now loaded: 0)
System memory in use before: 186.3 MB.
System memory in use after: 186.6 MB.

Unloading 22 unused Assets to reduce memory usage. Loaded Objects now: 4752.
Total: 3.163000 ms (FindLiveObjects: 0.355100 ms CreateObjectMapping: 0.215200 ms MarkObjects: 2.559200 ms  DeleteObjects: 0.032600 ms)

========================================================================
Received Prepare
Registering precompiled user dll's ...
Registered in 0.006216 seconds.
Begin MonoManager ReloadAssembly
Native extension for WindowsStandalone target not found
Refreshing native plugins compatible for Editor in 2.30 ms, found 2 plugins.
Preloading 0 native plugins for Editor in 0.00 ms.
Mono: successfully reloaded assembly
- Completed reload, in  1.254 seconds
Platform modules already initialized, skipping
Shader 'Universal Render Pipeline/Particles/Lit': fallback shader 'Universal Render Pipeline/Particles/SimpleLit' not found
Refreshing native plugins compatible for Editor in 1.62 ms, found 2 plugins.
Preloading 0 native plugins for Editor in 0.00 ms.
Unloading 4129 Unused Serialized files (Serialized files now loaded: 0)
System memory in use before: 186.4 MB.
System memory in use after: 186.7 MB.

Unloading 18 unused Assets to reduce memory usage. Loaded Objects now: 4755.
Total: 3.504700 ms (FindLiveObjects: 0.615100 ms CreateObjectMapping: 0.498100 ms MarkObjects: 2.366400 ms  DeleteObjects: 0.024000 ms)

AssetImportWorkerClient::OnTransportError - code=2 error=End of file
